 FAIL  tests/performance/lighthouse.test.ts
  ‚óè Test suite failed to run

    tests/performance/lighthouse.test.ts:19:22 - error TS2352: Conversion of type 'RunnerResult | undefined' to type 'Result' may be a mistake because neither type sufficiently overlaps with the other. If this was intentional, convert the expression to 'unknown' first.
      Type 'RunnerResult' is missing the following properties from type 'Result': gatherMode, finalDisplayedUrl, fetchTime, lighthouseVersion, and 8 more.

    19       runnerResult = await lighthouse('http://localhost:5000', options) as LHResult;
                            ~~~~~~~~~~~~~~~~~~~~~~~~~~~~~~~~~~~~~~~~~~~~~~~~~~~~~~~~~~~~~~
    tests/performance/lighthouse.test.ts:21:42 - error TS2339: Property 'lhr' does not exist on type 'Result'.

    21       if (!runnerResult || !runnerResult.lhr) {
                                                ~~~
    tests/performance/lighthouse.test.ts:25:45 - error TS2339: Property 'lhr' does not exist on type 'Result'.

    25       const performanceScore = runnerResult.lhr.categories.performance?.score ?? 0;
                                                   ~~~
    tests/performance/lighthouse.test.ts:29:44 - error TS2339: Property 'lhr' does not exist on type 'Result'.

    29         firstContentfulPaint: runnerResult.lhr.audits['first-contentful-paint']?.numericValue,
                                                  ~~~
    tests/performance/lighthouse.test.ts:30:41 - error TS2339: Property 'lhr' does not exist on type 'Result'.

    30         timeToInteractive: runnerResult.lhr.audits['interactive']?.numericValue,
                                               ~~~
    tests/performance/lighthouse.test.ts:31:34 - error TS2339: Property 'lhr' does not exist on type 'Result'.

    31         speedIndex: runnerResult.lhr.audits['speed-index']?.numericValue
                                        ~~~
    tests/performance/lighthouse.test.ts:37:48 - error TS2339: Property 'lhr' does not exist on type 'Result'.

    37         'First Contentful Paint': runnerResult.lhr.audits['first-contentful-paint']?.displayValue ?? 'N/A',
                                                      ~~~
    tests/performance/lighthouse.test.ts:38:45 - error TS2339: Property 'lhr' does not exist on type 'Result'.

    38         'Time to Interactive': runnerResult.lhr.audits['interactive']?.displayValue ?? 'N/A',
                                                   ~~~
    tests/performance/lighthouse.test.ts:39:37 - error TS2339: Property 'lhr' does not exist on type 'Result'.

    39         'Speed Index': runnerResult.lhr.audits['speed-index']?.displayValue ?? 'N/A'
                                           ~~~

Test Suites: 1 failed, 1 total
Tests:       0 total
Snapshots:   0 total
Time:        18.654 s
Ran all test suites matching /tests\/performance\/lighthouse.test.ts/i.
